<?xml version="1.0" encoding="UTF-8"?>
<!-- Generated by org.testng.reporters.JUnitReportReporter -->
<testsuite hostname="Rajashri" failures="0" tests="2" name="TestNG_Programs.Multibrowser" time="49.672" errors="0" timestamp="2022-08-20T01:43:22 IST" skipped="0">
  <testcase classname="TestNG_Programs.Multibrowser" name="TC" time="28.514"/>
  <system-out/>
  <testcase classname="TestNG_Programs.Multibrowser" name="TC" time="21.158"/>
  <system-out/>
</testsuite> <!-- TestNG_Programs.Multibrowser -->
