<?xml version="1.0" encoding="UTF-8"?>
<!-- Generated by org.testng.reporters.JUnitReportReporter -->
<testsuite hostname="Rajashri" failures="0" tests="1" name="TestiNG_Advantages.E2" time="0.015" errors="0" timestamp="2022-08-17T22:05:13 IST" skipped="0">
  <testcase classname="TestiNG_Advantages.E2" name="TC" time="0.015"/>
  <system-out>
    <![CDATA[Hi]]>
  </system-out>
</testsuite> <!-- TestiNG_Advantages.E2 -->
