<?xml version="1.0" encoding="UTF-8"?>
<!-- Generated by org.testng.reporters.JUnitReportReporter -->
<testsuite hostname="Rajashri" failures="0" tests="3" name="TestiNG_Advantages.Sample1" time="0.025" errors="0" timestamp="2022-08-18T21:46:07 IST" skipped="0">
  <testcase classname="TestiNG_Advantages.Sample1" name="TC3" time="0.003"/>
  <system-out>
    <![CDATA[running TC3]]>
  </system-out>
  <testcase classname="TestiNG_Advantages.Sample1" name="TC2" time="0.003"/>
  <system-out>
    <![CDATA[running TC2]]>
  </system-out>
  <testcase classname="TestiNG_Advantages.Sample1" name="TC1" time="0.019"/>
  <system-out>
    <![CDATA[running TC1]]>
  </system-out>
</testsuite> <!-- TestiNG_Advantages.Sample1 -->
