<?xml version="1.0" encoding="UTF-8"?>
<!-- Generated by org.testng.reporters.JUnitReportReporter -->
<testsuite hostname="Rajashri" failures="0" tests="10" name="TestiNG_Advantages.Flag_Keywords" time="0.053" errors="0" timestamp="2022-08-17T23:26:49 IST" skipped="0">
  <testcase classname="TestiNG_Advantages.Flag_Keywords" name="TC" time="0.002"/>
  <system-out>
    <![CDATA[running TC]]>
  </system-out>
  <testcase classname="TestiNG_Advantages.Flag_Keywords" name="TC" time="0.008"/>
  <system-out>
    <![CDATA[running TC]]>
  </system-out>
  <testcase classname="TestiNG_Advantages.Flag_Keywords" name="TC" time="0.002"/>
  <system-out>
    <![CDATA[running TC]]>
  </system-out>
  <testcase classname="TestiNG_Advantages.Flag_Keywords" name="TC" time="0.002"/>
  <system-out>
    <![CDATA[running TC]]>
  </system-out>
  <testcase classname="TestiNG_Advantages.Flag_Keywords" name="TC" time="0.016"/>
  <system-out>
    <![CDATA[running TC]]>
  </system-out>
  <testcase classname="TestiNG_Advantages.Flag_Keywords" name="TC" time="0.008"/>
  <system-out>
    <![CDATA[running TC]]>
  </system-out>
  <testcase classname="TestiNG_Advantages.Flag_Keywords" name="TC" time="0.006"/>
  <system-out>
    <![CDATA[running TC]]>
  </system-out>
  <testcase classname="TestiNG_Advantages.Flag_Keywords" name="TC" time="0.003"/>
  <system-out>
    <![CDATA[running TC]]>
  </system-out>
  <testcase classname="TestiNG_Advantages.Flag_Keywords" name="TC" time="0.004"/>
  <system-out>
    <![CDATA[running TC]]>
  </system-out>
  <testcase classname="TestiNG_Advantages.Flag_Keywords" name="TC" time="0.002"/>
  <system-out>
    <![CDATA[running TC]]>
  </system-out>
</testsuite> <!-- TestiNG_Advantages.Flag_Keywords -->
