<?xml version="1.0" encoding="UTF-8"?>
<!-- Generated by org.testng.reporters.JUnitReportReporter -->
<testsuite hostname="Rajashri" failures="0" tests="1" name="Annotations" time="0.013" errors="0" timestamp="2022-08-17T22:34:43 IST" skipped="0">
  <testcase classname="Annotations" name="verifyuserID" time="0.013"/>
  <system-out>
    <![CDATA[verify user ID]]>
  </system-out>
</testsuite> <!-- Annotations -->
