<?xml version="1.0" encoding="UTF-8"?>
<!-- Generated by org.testng.reporters.JUnitReportReporter -->
<testsuite hostname="Rajashri" failures="0" tests="1" name="TestNG_Assert_Methods.Assert_NotEquals" time="0.023" errors="0" timestamp="2022-08-22T21:49:59 IST" skipped="0">
  <testcase classname="TestNG_Assert_Methods.Assert_NotEquals" name="TC2" time="0.023"/>
  <system-out>
    <![CDATA[Running TC2]]>
  </system-out>
</testsuite> <!-- TestNG_Assert_Methods.Assert_NotEquals -->
