<?xml version="1.0" encoding="UTF-8"?>
<!-- Generated by org.testng.reporters.JUnitReportReporter -->
<testsuite hostname="Rajashri" failures="0" tests="3" name="TestiNG_Advantages.FailedTC" time="0.025" errors="0" timestamp="2022-08-18T23:25:03 IST" skipped="0">
  <testcase classname="TestiNG_Advantages.FailedTC" name="TC3" time="0.002"/>
  <system-out>
    <![CDATA[Running TC3]]>
  </system-out>
  <testcase classname="TestiNG_Advantages.FailedTC" name="TC1" time="0.019"/>
  <system-out>
    <![CDATA[Running TC1]]>
  </system-out>
  <testcase classname="TestiNG_Advantages.FailedTC" name="TC2" time="0.004"/>
  <system-out>
    <![CDATA[Running TC2]]>
  </system-out>
</testsuite> <!-- TestiNG_Advantages.FailedTC -->
