<?xml version="1.0" encoding="UTF-8"?>
<!-- Generated by org.testng.reporters.JUnitReportReporter -->
<testsuite hostname="Rajashri" failures="0" tests="2" name="TestiNG_Advantages.Disabled_TC_using_Suite" time="0.021" errors="0" timestamp="2022-08-18T22:41:46 IST" skipped="0">
  <testcase classname="TestiNG_Advantages.Disabled_TC_using_Suite" name="TC1" time="0.018"/>
  <system-out>
    <![CDATA[Running TC1]]>
  </system-out>
  <testcase classname="TestiNG_Advantages.Disabled_TC_using_Suite" name="TC2" time="0.003"/>
  <system-out>
    <![CDATA[Running TC2]]>
  </system-out>
</testsuite> <!-- TestiNG_Advantages.Disabled_TC_using_Suite -->
