<?xml version="1.0" encoding="UTF-8"?>
<!-- Generated by org.testng.reporters.JUnitReportReporter -->
<testsuite hostname="Rajashri" failures="0" tests="2" name="TestiNG_Advantages.Enable" time="0.016" errors="0" timestamp="2022-08-17T23:50:36 IST" skipped="1">
  <testcase classname="TestiNG_Advantages.Enable" name="TC1" time="0.016"/>
  <system-out>
    <![CDATA[Hie]]>
  </system-out>
  <testcase classname="TestiNG_Advantages.Enable" name="TC2">
    <skipped/>
  </testcase> <!-- TC2 -->
  <system-out/>
</testsuite> <!-- TestiNG_Advantages.Enable -->
