<?xml version="1.0" encoding="UTF-8"?>
<!-- Generated by org.testng.reporters.JUnitReportReporter -->
<testsuite hostname="Rajashri" failures="0" tests="1" name="TestiNG_Advantages.Emailable" time="0.026" errors="0" timestamp="2022-08-17T21:56:18 IST" skipped="0">
  <testcase classname="TestiNG_Advantages.Emailable" name="TC" time="0.026"/>
  <system-out>
    <![CDATA[Hi]]>
  </system-out>
</testsuite> <!-- TestiNG_Advantages.Emailable -->
