<?xml version="1.0" encoding="UTF-8"?>
<!-- Generated by org.testng.reporters.JUnitReportReporter -->
<testsuite hostname="Rajashri" failures="0" tests="1" name="TestNG_Assert_Methods.Assert_equals" time="0.034" errors="0" timestamp="2022-08-22T21:41:01 IST" skipped="0">
  <testcase classname="TestNG_Assert_Methods.Assert_equals" name="TC1" time="0.034"/>
  <system-out>
    <![CDATA[Running TC1]]>
  </system-out>
</testsuite> <!-- TestNG_Assert_Methods.Assert_equals -->
