<?xml version="1.0" encoding="UTF-8"?>
<!-- Generated by org.testng.reporters.JUnitReportReporter -->
<testsuite hostname="Rajashri" failures="0" tests="3" name="TestiNG_Advantages.Sample2" time="0.007" errors="0" timestamp="2022-08-18T21:46:07 IST" skipped="0">
  <testcase classname="TestiNG_Advantages.Sample2" name="TC6" time="0.002"/>
  <system-out>
    <![CDATA[Running TC6]]>
  </system-out>
  <testcase classname="TestiNG_Advantages.Sample2" name="TC5" time="0.003"/>
  <system-out>
    <![CDATA[Running TC5]]>
  </system-out>
  <testcase classname="TestiNG_Advantages.Sample2" name="TC4" time="0.002"/>
  <system-out>
    <![CDATA[Running TC4]]>
  </system-out>
</testsuite> <!-- TestiNG_Advantages.Sample2 -->
