<?xml version="1.0" encoding="UTF-8"?>
<!-- Generated by org.testng.reporters.JUnitReportReporter -->
<testsuite hostname="Rajashri" failures="0" tests="1" name="TestiNG_Advantages.TimeOut" time="0.020" errors="0" timestamp="2022-08-18T00:20:42 IST" skipped="0">
  <testcase classname="TestiNG_Advantages.TimeOut" name="TC" time="0.020"/>
  <system-out>
    <![CDATA[Hii]]>
  </system-out>
</testsuite> <!-- TestiNG_Advantages.TimeOut -->
