<?xml version="1.0" encoding="UTF-8"?>
<!-- Generated by org.testng.reporters.JUnitReportReporter -->
<testsuite hostname="Rajashri" failures="0" tests="1" name="TestNG_Assert_Methods.Assert_true" time="0.020" errors="0" timestamp="2022-08-22T21:58:10 IST" skipped="0">
  <testcase classname="TestNG_Assert_Methods.Assert_true" name="TC3" time="0.020"/>
  <system-out>
    <![CDATA[Running TC3]]>
  </system-out>
</testsuite> <!-- TestNG_Assert_Methods.Assert_true -->
