<?xml version="1.0" encoding="UTF-8"?>
<!-- Generated by org.testng.reporters.JUnitReportReporter -->
<testsuite hostname="Rajashri" failures="0" tests="1" name="TestNG_Assert_Methods.Assert_False" time="0.018" errors="0" timestamp="2022-08-22T22:04:56 IST" skipped="0">
  <testcase classname="TestNG_Assert_Methods.Assert_False" name="TC4" time="0.018"/>
  <system-out>
    <![CDATA[Running TC4]]>
  </system-out>
</testsuite> <!-- TestNG_Assert_Methods.Assert_False -->
