<?xml version="1.0" encoding="UTF-8"?>
<!-- Generated by org.testng.reporters.JUnitReportReporter -->
<testsuite hostname="Rajashri" failures="0" tests="4" name="TestiNG_Advantages.Priority" time="0.020" errors="0" timestamp="2022-08-17T23:36:38 IST" skipped="0">
  <testcase classname="TestiNG_Advantages.Priority" name="TC4" time="0.014"/>
  <system-out>
    <![CDATA[Hellow]]>
  </system-out>
  <testcase classname="TestiNG_Advantages.Priority" name="TC3" time="0.002"/>
  <system-out>
    <![CDATA[How are you]]>
  </system-out>
  <testcase classname="TestiNG_Advantages.Priority" name="TC2" time="0.002"/>
  <system-out>
    <![CDATA[I am Fine]]>
  </system-out>
  <testcase classname="TestiNG_Advantages.Priority" name="TC1" time="0.002"/>
  <system-out>
    <![CDATA[Good bye]]>
  </system-out>
</testsuite> <!-- TestiNG_Advantages.Priority -->
