<?xml version="1.0" encoding="UTF-8"?>
<!-- Generated by org.testng.reporters.JUnitReportReporter -->
<testsuite hostname="Rajashri" failures="0" tests="1" name="POM_withDDF_Using_TestNG.KiteTestT" time="1.986" errors="0" timestamp="2022-08-23T23:21:53 IST" skipped="0">
  <testcase classname="POM_withDDF_Using_TestNG.KiteTestT" name="verifyuserID" time="1.986"/>
  <system-out>
    <![CDATA[running verified user ID]]>
  </system-out>
</testsuite> <!-- POM_withDDF_Using_TestNG.KiteTestT -->
