<?xml version="1.0" encoding="UTF-8"?>
<!-- Generated by org.testng.reporters.JUnitReportReporter -->
<testsuite hostname="Rajashri" failures="0" tests="3" name="TestiNG_Advantages.Sample3" time="0.008" errors="0" timestamp="2022-08-18T21:46:07 IST" skipped="0">
  <testcase classname="TestiNG_Advantages.Sample3" name="TC7" time="0.004"/>
  <system-out>
    <![CDATA[running TC7]]>
  </system-out>
  <testcase classname="TestiNG_Advantages.Sample3" name="TC8" time="0.002"/>
  <system-out>
    <![CDATA[running TC8]]>
  </system-out>
  <testcase classname="TestiNG_Advantages.Sample3" name="TC9" time="0.002"/>
  <system-out>
    <![CDATA[running TC9]]>
  </system-out>
</testsuite> <!-- TestiNG_Advantages.Sample3 -->
