<?xml version="1.0" encoding="UTF-8"?>
<!-- Generated by org.testng.reporters.JUnitReportReporter -->
<testsuite hostname="Rajashri" failures="0" tests="3" name="TestiNG_Advantages.Disable_TC_using_False_Keyw" time="0.018" errors="0" timestamp="2022-08-18T22:16:10 IST" skipped="1">
  <testcase classname="TestiNG_Advantages.Disable_TC_using_False_Keyw" name="TC2" time="0.001"/>
  <system-out>
    <![CDATA[running tc2]]>
  </system-out>
  <testcase classname="TestiNG_Advantages.Disable_TC_using_False_Keyw" name="TC1" time="0.017"/>
  <system-out>
    <![CDATA[running tc2]]>
  </system-out>
  <testcase classname="TestiNG_Advantages.Disable_TC_using_False_Keyw" name="TC3">
    <skipped/>
  </testcase> <!-- TC3 -->
  <system-out/>
</testsuite> <!-- TestiNG_Advantages.Disable_TC_using_False_Keyw -->
