<?xml version="1.0" encoding="UTF-8"?>
<!-- Generated by org.testng.reporters.JUnitReportReporter -->
<testsuite hostname="Rajashri" failures="0" tests="1" name="TestNG_Programs.B" time="20.881" errors="0" timestamp="2022-08-19T22:11:01 IST" skipped="0">
  <testcase classname="TestNG_Programs.B" name="TC2" time="20.881"/>
  <system-out/>
</testsuite> <!-- TestNG_Programs.B -->
