<?xml version="1.0" encoding="UTF-8"?>
<!-- Generated by org.testng.reporters.JUnitReportReporter -->
<testsuite hostname="Rajashri" failures="0" tests="1" name="TestNG_Programs.A" time="23.342" errors="0" timestamp="2022-08-19T22:11:02 IST" skipped="0">
  <testcase classname="TestNG_Programs.A" name="TC1" time="23.342"/>
  <system-out/>
</testsuite> <!-- TestNG_Programs.A -->
